# JRE version: Java(TM) SE Runtime Environment (8.0_212-b10) (build 1.8.0_212-b10)
# Java VM: Java HotSpot(TM) 64-Bit Server VM (25.212-b10 mixed mode bsd-amd64 compressed oops)
Heap:
 PSYoungGen      total 64000K, used 52729K [0x000000076ab00000, 0x0000000770300000, 0x00000007c0000000)
  eden space 46080K, 76% used [0x000000076ab00000,0x000000076cd6d650,0x000000076d800000)
  from space 17920K, 97% used [0x000000076ec80000,0x000000076fd90e50,0x000000076fe00000)
  to   space 20992K, 0% used [0x000000076d800000,0x000000076d800000,0x000000076ec80000)
 ParOldGen       total 33792K, used 28493K [0x00000006c0000000, 0x00000006c2100000, 0x000000076ab00000)
  object space 33792K, 84% used [0x00000006c0000000,0x00000006c1bd3668,0x00000006c2100000)
 Metaspace       used 13946K, capacity 14244K, committed 14464K, reserved 1062912K
  class space    used 1508K, capacity 1611K, committed 1664K, reserved 1048576K
GC Heap History (10 events):
Event: 3.596 GC heap before
{Heap before GC invocations=19 (full 2):
 PSYoungGen      total 44544K, used 44541K [0x000000076ab00000, 0x000000076e400000, 0x00000007c0000000)
  eden space 36352K, 100% used [0x000000076ab00000,0x000000076ce80000,0x000000076ce80000)
  from space 8192K, 99% used [0x000000076d880000,0x000000076e07f4f0,0x000000076e080000)
  to   space 10240K, 0% used [0x000000076ce80000,0x000000076ce80000,0x000000076d880000)
 ParOldGen       total 23040K, used 16886K [0x00000006c0000000, 0x00000006c1680000, 0x000000076ab00000)
  object space 23040K, 73% used [0x00000006c0000000,0x00000006c107d978,0x00000006c1680000)
 Metaspace       used 12194K, capacity 12440K, committed 12800K, reserved 1060864K
  class space    used 1360K, capacity 1417K, committed 1536K, reserved 1048576K
Event: 3.616 GC heap after
Heap after GC invocations=19 (full 2):
 PSYoungGen      total 46592K, used 9329K [0x000000076ab00000, 0x000000076ed80000, 0x00000007c0000000)
  eden space 36352K, 0% used [0x000000076ab00000,0x000000076ab00000,0x000000076ce80000)
  from space 10240K, 91% used [0x000000076ce80000,0x000000076d79c4d0,0x000000076d880000)
  to   space 11776K, 0% used [0x000000076e200000,0x000000076e200000,0x000000076ed80000)
 ParOldGen       total 23040K, used 18253K [0x00000006c0000000, 0x00000006c1680000, 0x000000076ab00000)
  object space 23040K, 79% used [0x00000006c0000000,0x00000006c11d34b8,0x00000006c1680000)
 Metaspace       used 12194K, capacity 12440K, committed 12800K, reserved 1060864K
  class space    used 1360K, capacity 1417K, committed 1536K, reserved 1048576K
}
Event: 3.828 GC heap before
{Heap before GC invocations=20 (full 2):
 PSYoungGen      total 46592K, used 45681K [0x000000076ab00000, 0x000000076ed80000, 0x00000007c0000000)
  eden space 36352K, 100% used [0x000000076ab00000,0x000000076ce80000,0x000000076ce80000)
  from space 10240K, 91% used [0x000000076ce80000,0x000000076d79c4d0,0x000000076d880000)
  to   space 11776K, 0% used [0x000000076e200000,0x000000076e200000,0x000000076ed80000)
 ParOldGen       total 23040K, used 18253K [0x00000006c0000000, 0x00000006c1680000, 0x000000076ab00000)
  object space 23040K, 79% used [0x00000006c0000000,0x00000006c11d34b8,0x00000006c1680000)
 Metaspace       used 12226K, capacity 12504K, committed 12800K, reserved 1060864K
  class space    used 1360K, capacity 1417K, committed 1536K, reserved 1048576K
Event: 3.837 GC heap after
Heap after GC invocations=20 (full 2):
 PSYoungGen      total 53248K, used 11770K [0x000000076ab00000, 0x000000076f380000, 0x00000007c0000000)
  eden space 41472K, 0% used [0x000000076ab00000,0x000000076ab00000,0x000000076d380000)
  from space 11776K, 99% used [0x000000076e200000,0x000000076ed7eb18,0x000000076ed80000)
  to   space 14848K, 0% used [0x000000076d380000,0x000000076d380000,0x000000076e200000)
 ParOldGen       total 23040K, used 21532K [0x00000006c0000000, 0x00000006c1680000, 0x000000076ab00000)
  object space 23040K, 93% used [0x00000006c0000000,0x00000006c1507078,0x00000006c1680000)
 Metaspace       used 12226K, capacity 12504K, committed 12800K, reserved 1060864K
  class space    used 1360K, capacity 1417K, committed 1536K, reserved 1048576K
}
Event: 3.837 GC heap before
{Heap before GC invocations=21 (full 3):
 PSYoungGen      total 53248K, used 11770K [0x000000076ab00000, 0x000000076f380000, 0x00000007c0000000)
  eden space 41472K, 0% used [0x000000076ab00000,0x000000076ab00000,0x000000076d380000)
  from space 11776K, 99% used [0x000000076e200000,0x000000076ed7eb18,0x000000076ed80000)
  to   space 14848K, 0% used [0x000000076d380000,0x000000076d380000,0x000000076e200000)
 ParOldGen       total 23040K, used 21532K [0x00000006c0000000, 0x00000006c1680000, 0x000000076ab00000)
  object space 23040K, 93% used [0x00000006c0000000,0x00000006c1507078,0x00000006c1680000)
 Metaspace       used 12226K, capacity 12504K, committed 12800K, reserved 1060864K
  class space    used 1360K, capacity 1417K, committed 1536K, reserved 1048576K
Event: 3.952 GC heap after
Heap after GC invocations=21 (full 3):
 PSYoungGen      total 53248K, used 8812K [0x000000076ab00000, 0x000000076f380000, 0x00000007c0000000)
  eden space 41472K, 0% used [0x000000076ab00000,0x000000076ab00000,0x000000076d380000)
  from space 11776K, 74% used [0x000000076e200000,0x000000076ea9b2c8,0x000000076ed80000)
  to   space 14848K, 0% used [0x000000076d380000,0x000000076d380000,0x000000076e200000)
 ParOldGen       total 33792K, used 23015K [0x00000006c0000000, 0x00000006c2100000, 0x000000076ab00000)
  object space 33792K, 68% used [0x00000006c0000000,0x00000006c1679f58,0x00000006c2100000)
 Metaspace       used 12226K, capacity 12504K, committed 12800K, reserved 1060864K
  class space    used 1360K, capacity 1417K, committed 1536K, reserved 1048576K
}
Event: 4.181 GC heap before
{Heap before GC invocations=22 (full 3):
 PSYoungGen      total 53248K, used 50284K [0x000000076ab00000, 0x000000076f380000, 0x00000007c0000000)
  eden space 41472K, 100% used [0x000000076ab00000,0x000000076d380000,0x000000076d380000)
  from space 11776K, 74% used [0x000000076e200000,0x000000076ea9b2c8,0x000000076ed80000)
  to   space 14848K, 0% used [0x000000076d380000,0x000000076d380000,0x000000076e200000)
 ParOldGen       total 33792K, used 23015K [0x00000006c0000000, 0x00000006c2100000, 0x000000076ab00000)
  object space 33792K, 68% used [0x00000006c0000000,0x00000006c1679f58,0x00000006c2100000)
 Metaspace       used 12264K, capacity 12504K, committed 12800K, reserved 1060864K
  class space    used 1360K, capacity 1417K, committed 1536K, reserved 1048576K
Event: 4.189 GC heap after
Heap after GC invocations=22 (full 3):
 PSYoungGen      total 56320K, used 14819K [0x000000076ab00000, 0x000000076fe00000, 0x00000007c0000000)
  eden space 41472K, 0% used [0x000000076ab00000,0x000000076ab00000,0x000000076d380000)
  from space 14848K, 99% used [0x000000076d380000,0x000000076e1f8df8,0x000000076e200000)
  to   space 17920K, 0% used [0x000000076ec80000,0x000000076ec80000,0x000000076fe00000)
 ParOldGen       total 33792K, used 25048K [0x00000006c0000000, 0x00000006c2100000, 0x000000076ab00000)
  object space 33792K, 74% used [0x00000006c0000000,0x00000006c18762c0,0x00000006c2100000)
 Metaspace       used 12264K, capacity 12504K, committed 12800K, reserved 1060864K
  class space    used 1360K, capacity 1417K, committed 1536K, reserved 1048576K
}
Event: 5.572 GC heap before
{Heap before GC invocations=23 (full 3):
 PSYoungGen      total 56320K, used 56291K [0x000000076ab00000, 0x000000076fe00000, 0x00000007c0000000)
  eden space 41472K, 100% used [0x000000076ab00000,0x000000076d380000,0x000000076d380000)
  from space 14848K, 99% used [0x000000076d380000,0x000000076e1f8df8,0x000000076e200000)
  to   space 17920K, 0% used [0x000000076ec80000,0x000000076ec80000,0x000000076fe00000)
 ParOldGen       total 33792K, used 25048K [0x00000006c0000000, 0x00000006c2100000, 0x000000076ab00000)
  object space 33792K, 74% used [0x00000006c0000000,0x00000006c18762c0,0x00000006c2100000)
 Metaspace       used 13693K, capacity 13988K, committed 14208K, reserved 1062912K
  class space    used 1498K, capacity 1611K, committed 1664K, reserved 1048576K
Event: 5.585 GC heap after
Heap after GC invocations=23 (full 3):
 PSYoungGen      total 64000K, used 17475K [0x000000076ab00000, 0x0000000770300000, 0x00000007c0000000)
  eden space 46080K, 0% used [0x000000076ab00000,0x000000076ab00000,0x000000076d800000)
  from space 17920K, 97% used [0x000000076ec80000,0x000000076fd90e50,0x000000076fe00000)
  to   space 20992K, 0% used [0x000000076d800000,0x000000076d800000,0x000000076ec80000)
 ParOldGen       total 33792K, used 28493K [0x00000006c0000000, 0x00000006c2100000, 0x000000076ab00000)
  object space 33792K, 84% used [0x00000006c0000000,0x00000006c1bd3668,0x00000006c2100000)
 Metaspace       used 13693K, capacity 13988K, committed 14208K, reserved 1062912K
  class space    used 1498K, capacity 1611K, committed 1664K, reserved 1048576K
}

