# JRE version: Java(TM) SE Runtime Environment (8.0_212-b10) (build 1.8.0_212-b10)
# Java VM: Java HotSpot(TM) 64-Bit Server VM (25.212-b10 mixed mode bsd-amd64 compressed oops)
Heap:
 PSYoungGen      total 59904K, used 12679K [0x000000076ab00000, 0x000000076fc80000, 0x00000007c0000000)
  eden space 40448K, 3% used [0x000000076ab00000,0x000000076ac8e920,0x000000076d280000)
  from space 19456K, 56% used [0x000000076d280000,0x000000076dd53370,0x000000076e580000)
  to   space 19456K, 0% used [0x000000076e980000,0x000000076e980000,0x000000076fc80000)
 ParOldGen       total 49664K, used 34982K [0x00000006c0000000, 0x00000006c3080000, 0x000000076ab00000)
  object space 49664K, 70% used [0x00000006c0000000,0x00000006c2229820,0x00000006c3080000)
 Metaspace       used 13953K, capacity 14236K, committed 14464K, reserved 1062912K
  class space    used 1508K, capacity 1611K, committed 1664K, reserved 1048576K
GC Heap History (10 events):
Event: 4.670 GC heap before
{Heap before GC invocations=21 (full 3):
 PSYoungGen      total 44544K, used 36881K [0x000000076ab00000, 0x000000076e780000, 0x00000007c0000000)
  eden space 33792K, 100% used [0x000000076ab00000,0x000000076cc00000,0x000000076cc00000)
  from space 10752K, 28% used [0x000000076cc00000,0x000000076cf044d0,0x000000076d680000)
  to   space 11264K, 0% used [0x000000076dc80000,0x000000076dc80000,0x000000076e780000)
 ParOldGen       total 34816K, used 23244K [0x00000006c0000000, 0x00000006c2200000, 0x000000076ab00000)
  object space 34816K, 66% used [0x00000006c0000000,0x00000006c16b3250,0x00000006c2200000)
 Metaspace       used 12223K, capacity 12496K, committed 12800K, reserved 1060864K
  class space    used 1360K, capacity 1417K, committed 1536K, reserved 1048576K
Event: 4.677 GC heap after
Heap after GC invocations=21 (full 3):
 PSYoungGen      total 49664K, used 9228K [0x000000076ab00000, 0x000000076e900000, 0x00000007c0000000)
  eden space 38400K, 0% used [0x000000076ab00000,0x000000076ab00000,0x000000076d080000)
  from space 11264K, 81% used [0x000000076dc80000,0x000000076e5832d0,0x000000076e780000)
  to   space 12288K, 0% used [0x000000076d080000,0x000000076d080000,0x000000076dc80000)
 ParOldGen       total 34816K, used 23252K [0x00000006c0000000, 0x00000006c2200000, 0x000000076ab00000)
  object space 34816K, 66% used [0x00000006c0000000,0x00000006c16b5250,0x00000006c2200000)
 Metaspace       used 12223K, capacity 12496K, committed 12800K, reserved 1060864K
  class space    used 1360K, capacity 1417K, committed 1536K, reserved 1048576K
}
Event: 4.954 GC heap before
{Heap before GC invocations=22 (full 3):
 PSYoungGen      total 49664K, used 47628K [0x000000076ab00000, 0x000000076e900000, 0x00000007c0000000)
  eden space 38400K, 100% used [0x000000076ab00000,0x000000076d080000,0x000000076d080000)
  from space 11264K, 81% used [0x000000076dc80000,0x000000076e5832d0,0x000000076e780000)
  to   space 12288K, 0% used [0x000000076d080000,0x000000076d080000,0x000000076dc80000)
 ParOldGen       total 34816K, used 23252K [0x00000006c0000000, 0x00000006c2200000, 0x000000076ab00000)
  object space 34816K, 66% used [0x00000006c0000000,0x00000006c16b5250,0x00000006c2200000)
 Metaspace       used 12258K, capacity 12496K, committed 12800K, reserved 1060864K
  class space    used 1360K, capacity 1417K, committed 1536K, reserved 1048576K
Event: 4.963 GC heap after
Heap after GC invocations=22 (full 3):
 PSYoungGen      total 50688K, used 12284K [0x000000076ab00000, 0x000000076f500000, 0x00000007c0000000)
  eden space 38400K, 0% used [0x000000076ab00000,0x000000076ab00000,0x000000076d080000)
  from space 12288K, 99% used [0x000000076d080000,0x000000076dc7f018,0x000000076dc80000)
  to   space 15872K, 0% used [0x000000076e580000,0x000000076e580000,0x000000076f500000)
 ParOldGen       total 34816K, used 26924K [0x00000006c0000000, 0x00000006c2200000, 0x000000076ab00000)
  object space 34816K, 77% used [0x00000006c0000000,0x00000006c1a4b0b8,0x00000006c2200000)
 Metaspace       used 12258K, capacity 12496K, committed 12800K, reserved 1060864K
  class space    used 1360K, capacity 1417K, committed 1536K, reserved 1048576K
}
Event: 6.575 GC heap before
{Heap before GC invocations=23 (full 3):
 PSYoungGen      total 50688K, used 50684K [0x000000076ab00000, 0x000000076f500000, 0x00000007c0000000)
  eden space 38400K, 100% used [0x000000076ab00000,0x000000076d080000,0x000000076d080000)
  from space 12288K, 99% used [0x000000076d080000,0x000000076dc7f018,0x000000076dc80000)
  to   space 15872K, 0% used [0x000000076e580000,0x000000076e580000,0x000000076f500000)
 ParOldGen       total 34816K, used 26924K [0x00000006c0000000, 0x00000006c2200000, 0x000000076ab00000)
  object space 34816K, 77% used [0x00000006c0000000,0x00000006c1a4b0b8,0x00000006c2200000)
 Metaspace       used 13562K, capacity 13820K, committed 14208K, reserved 1062912K
  class space    used 1492K, capacity 1579K, committed 1664K, reserved 1048576K
Event: 6.588 GC heap after
Heap after GC invocations=23 (full 3):
 PSYoungGen      total 56320K, used 15861K [0x000000076ab00000, 0x000000076fb00000, 0x00000007c0000000)
  eden space 40448K, 0% used [0x000000076ab00000,0x000000076ab00000,0x000000076d280000)
  from space 15872K, 99% used [0x000000076e580000,0x000000076f4fd770,0x000000076f500000)
  to   space 19456K, 0% used [0x000000076d280000,0x000000076d280000,0x000000076e580000)
 ParOldGen       total 34816K, used 29809K [0x00000006c0000000, 0x00000006c2200000, 0x000000076ab00000)
  object space 34816K, 85% used [0x00000006c0000000,0x00000006c1d1c598,0x00000006c2200000)
 Metaspace       used 13562K, capacity 13820K, committed 14208K, reserved 1062912K
  class space    used 1492K, capacity 1579K, committed 1664K, reserved 1048576K
}
Event: 6.588 GC heap before
{Heap before GC invocations=24 (full 4):
 PSYoungGen      total 56320K, used 15861K [0x000000076ab00000, 0x000000076fb00000, 0x00000007c0000000)
  eden space 40448K, 0% used [0x000000076ab00000,0x000000076ab00000,0x000000076d280000)
  from space 15872K, 99% used [0x000000076e580000,0x000000076f4fd770,0x000000076f500000)
  to   space 19456K, 0% used [0x000000076d280000,0x000000076d280000,0x000000076e580000)
 ParOldGen       total 34816K, used 29809K [0x00000006c0000000, 0x00000006c2200000, 0x000000076ab00000)
  object space 34816K, 85% used [0x00000006c0000000,0x00000006c1d1c598,0x00000006c2200000)
 Metaspace       used 13562K, capacity 13820K, committed 14208K, reserved 1062912K
  class space    used 1492K, capacity 1579K, committed 1664K, reserved 1048576K
Event: 6.773 GC heap after
Heap after GC invocations=24 (full 4):
 PSYoungGen      total 56320K, used 9994K [0x000000076ab00000, 0x000000076fb00000, 0x00000007c0000000)
  eden space 40448K, 0% used [0x000000076ab00000,0x000000076ab00000,0x000000076d280000)
  from space 15872K, 62% used [0x000000076e580000,0x000000076ef429f8,0x000000076f500000)
  to   space 19456K, 0% used [0x000000076d280000,0x000000076d280000,0x000000076e580000)
 ParOldGen       total 49664K, used 34429K [0x00000006c0000000, 0x00000006c3080000, 0x000000076ab00000)
  object space 49664K, 69% used [0x00000006c0000000,0x00000006c219f5f8,0x00000006c3080000)
 Metaspace       used 13562K, capacity 13820K, committed 14208K, reserved 1062912K
  class space    used 1492K, capacity 1579K, committed 1664K, reserved 1048576K
}
Event: 8.969 GC heap before
{Heap before GC invocations=25 (full 4):
 PSYoungGen      total 56320K, used 50442K [0x000000076ab00000, 0x000000076fb00000, 0x00000007c0000000)
  eden space 40448K, 100% used [0x000000076ab00000,0x000000076d280000,0x000000076d280000)
  from space 15872K, 62% used [0x000000076e580000,0x000000076ef429f8,0x000000076f500000)
  to   space 19456K, 0% used [0x000000076d280000,0x000000076d280000,0x000000076e580000)
 ParOldGen       total 49664K, used 34429K [0x00000006c0000000, 0x00000006c3080000, 0x000000076ab00000)
  object space 49664K, 69% used [0x00000006c0000000,0x00000006c219f5f8,0x00000006c3080000)
 Metaspace       used 13949K, capacity 14236K, committed 14464K, reserved 1062912K
  class space    used 1508K, capacity 1611K, committed 1664K, reserved 1048576K
Event: 8.981 GC heap after
Heap after GC invocations=25 (full 4):
 PSYoungGen      total 59904K, used 11084K [0x000000076ab00000, 0x000000076fc80000, 0x00000007c0000000)
  eden space 40448K, 0% used [0x000000076ab00000,0x000000076ab00000,0x000000076d280000)
  from space 19456K, 56% used [0x000000076d280000,0x000000076dd53370,0x000000076e580000)
  to   space 19456K, 0% used [0x000000076e980000,0x000000076e980000,0x000000076fc80000)
 ParOldGen       total 49664K, used 34982K [0x00000006c0000000, 0x00000006c3080000, 0x000000076ab00000)
  object space 49664K, 70% used [0x00000006c0000000,0x00000006c2229820,0x00000006c3080000)
 Metaspace       used 13949K, capacity 14236K, committed 14464K, reserved 1062912K
  class space    used 1508K, capacity 1611K, committed 1664K, reserved 1048576K
}

